0 info it worked if it ends with ok
1 verbose cli [ '/usr/bin/node', '/usr/bin/npm', 'install', '-g', 'n' ]
2 info using npm@3.5.2
3 info using node@v8.10.0
4 silly loadCurrentTree Starting
5 silly install loadCurrentTree
6 silly install readGlobalPackageData
7 silly fetchPackageMetaData n
8 silly fetchOtherPackageData n
9 silly cache add args [ 'n', null ]
10 verbose cache add spec n
11 silly cache add parsed spec Result {
11 silly cache add   raw: 'n',
11 silly cache add   scope: null,
11 silly cache add   name: null,
11 silly cache add   rawSpec: 'n',
11 silly cache add   spec: '/home/ubuntu/HonestChain/static/n',
11 silly cache add   type: 'local' }
12 silly addLocalTarball shasum (computed) 76d6c3c85e8a8a16c437416b6307829d8f0c126d
13 verbose addTmpTarball /home/ubuntu/HonestChain/static/n not in flight; adding
14 verbose makeDirectory /home/ubuntu/.npm creation not in flight; initializing
15 silly makeDirectory /home/ubuntu/.npm uid: 1000 gid: 1000
16 verbose addTmpTarball validating metadata from /home/ubuntu/HonestChain/static/n
17 verbose tar unpack /home/ubuntu/HonestChain/static/n
18 verbose tar unpacking to /tmp/npm-2194-b894c91a/unpack-7214a1ed
19 silly gentlyRm /tmp/npm-2194-b894c91a/unpack-7214a1ed is being purged
20 verbose gentlyRm don't care about contents; nuking /tmp/npm-2194-b894c91a/unpack-7214a1ed
21 silly gunzTarPerm modes [ '755', '644' ]
22 error not a package /home/ubuntu/HonestChain/static/n
23 error addLocal Could not install /home/ubuntu/HonestChain/static/n
24 silly fetchPackageMetaData Error: ENOENT: no such file or directory, open '/tmp/npm-2194-b894c91a/unpack-7214a1ed/package.json'
24 silly fetchPackageMetaData  error for n { Error: ENOENT: no such file or directory, open '/tmp/npm-2194-b894c91a/unpack-7214a1ed/package.json'
24 silly fetchPackageMetaData   errno: -2,
24 silly fetchPackageMetaData   code: 'ENOENT',
24 silly fetchPackageMetaData   syscall: 'open',
24 silly fetchPackageMetaData   path: '/tmp/npm-2194-b894c91a/unpack-7214a1ed/package.json' }
25 silly rollbackFailedOptional Starting
26 silly rollbackFailedOptional Finishing
27 silly runTopLevelLifecycles Starting
28 silly runTopLevelLifecycles Finishing
29 silly install printInstalled
30 verbose stack Error: ENOENT: no such file or directory, open '/tmp/npm-2194-b894c91a/unpack-7214a1ed/package.json'
31 verbose cwd /home/ubuntu/HonestChain/static
32 error Linux 4.15.0-1057-aws
33 error argv "/usr/bin/node" "/usr/bin/npm" "install" "-g" "n"
34 error node v8.10.0
35 error npm  v3.5.2
36 error path /tmp/npm-2194-b894c91a/unpack-7214a1ed/package.json
37 error code ENOENT
38 error errno -2
39 error syscall open
40 error enoent ENOENT: no such file or directory, open '/tmp/npm-2194-b894c91a/unpack-7214a1ed/package.json'
41 error enoent ENOENT: no such file or directory, open '/tmp/npm-2194-b894c91a/unpack-7214a1ed/package.json'
41 error enoent This is most likely not a problem with npm itself
41 error enoent and is related to npm not being able to find a file.
42 verbose exit [ -2, true ]
